<?xml version="1.0" encoding="UTF-8"?>
<!-- Generated by org.testng.reporters.JUnitXMLReporter -->
<testsuite ignored="1" hostname="Kishore-PC" failures="0" tests="2" name="chrome-test" time="17.825" errors="0" timestamp="31 Mar 2020 06:57:30 GMT">
  <testcase classname="com.example.demo.tdd.LoginUITest" name="ValidLogin" time="1.779"/>
  <testcase classname="com.example.demo.tdd.LoginUITest" name="ValidLogin" time="1.696"/>
  <testcase classname="com.example.demo.tdd.LoginUITest" name="TxnMoney" time="0.0">
    <ignored/>
  </testcase> <!-- TxnMoney -->
</testsuite> <!-- chrome-test -->
