<?xml version="1.0" encoding="UTF-8"?>
<!-- Generated by org.testng.reporters.JUnitXMLReporter -->
<testsuite ignored="1" hostname="Kishore-PC" failures="0" tests="2" name="firefox-test" time="32.371" errors="0" timestamp="31 Mar 2020 06:57:44 GMT">
  <testcase classname="com.example.demo.tdd.LoginUITest" name="ValidLogin" time="0.558"/>
  <testcase classname="com.example.demo.tdd.LoginUITest" name="ValidLogin" time="0.441"/>
  <testcase classname="com.example.demo.tdd.LoginUITest" name="TxnMoney" time="0.0">
    <ignored/>
  </testcase> <!-- TxnMoney -->
</testsuite> <!-- firefox-test -->
