<?xml version="1.0" encoding="UTF-8"?>
<!-- Generated by org.testng.reporters.JUnitXMLReporter -->
<testsuite ignored="1" hostname="Kishore-PC" failures="0" tests="2" name="headless-browser-test" time="9.705" errors="0" timestamp="31 Mar 2020 06:57:23 GMT">
  <testcase classname="com.example.demo.tdd.LoginUITest" name="ValidLogin" time="0.631"/>
  <testcase classname="com.example.demo.tdd.LoginUITest" name="ValidLogin" time="0.464"/>
  <testcase classname="com.example.demo.tdd.LoginUITest" name="TxnMoney" time="0.0">
    <ignored/>
  </testcase> <!-- TxnMoney -->
</testsuite> <!-- headless-browser-test -->
