<?xml version="1.0" encoding="UTF-8"?>
<!-- Generated by org.testng.reporters.JUnitXMLReporter -->
<testsuite ignored="1" hostname="Kishore-PC" failures="0" tests="2" name="headless-driver" time="10.869" errors="0" timestamp="30 Mar 2020 20:22:28 GMT">
  <testcase classname="com.example.demo.tdd.LoginUITest" name="ValidLogin" time="1.546"/>
  <testcase classname="com.example.demo.tdd.LoginUITest" name="ValidLogin" time="0.37"/>
  <testcase classname="com.example.demo.tdd.LoginUITest" name="TxnMoney" time="0.0">
    <ignored/>
  </testcase> <!-- TxnMoney -->
</testsuite> <!-- headless-driver -->
