<?xml version="1.0" encoding="UTF-8"?>
<testng-results ignored="3" total="9" passed="6" failed="0" skipped="0">
  <reporter-output>
  </reporter-output>
  <suite started-at="2020-03-31T06:57:12Z" name="Suite" finished-at="2020-03-31T06:57:44Z" duration-ms="32383">
    <groups>
    </groups>
    <test started-at="2020-03-31T06:57:12Z" name="headless-browser-test" finished-at="2020-03-31T06:57:21Z" duration-ms="9705">
      <class name="com.example.demo.tdd.LoginUITest">
        <test-method is-config="true" signature="initDriver()[pri:0, instance:com.example.demo.tdd.LoginUITest@512baff6]" started-at="2020-03-31T06:57:12Z" name="initDriver" finished-at="2020-03-31T06:57:12Z" duration-ms="23" status="PASS">
          <reporter-output>
          </reporter-output>
        </test-method> <!-- initDriver -->
        <test-method is-config="true" signature="launchBrowser(java.lang.String)[pri:0, instance:com.example.demo.tdd.LoginUITest@512baff6]" started-at="2020-03-31T06:57:12Z" name="launchBrowser" finished-at="2020-03-31T06:57:20Z" duration-ms="8213" status="PASS">
          <params>
            <param index="0">
              <value>
                <![CDATA[headless]]>
              </value>
            </param>
          </params>
          <reporter-output>
          </reporter-output>
        </test-method> <!-- launchBrowser -->
        <test-method signature="ValidLogin(java.lang.String, java.lang.String)[pri:0, instance:com.example.demo.tdd.LoginUITest@512baff6]" started-at="2020-03-31T06:57:20Z" name="ValidLogin" data-provider="user_credentials" finished-at="2020-03-31T06:57:21Z" duration-ms="631" status="PASS">
          <params>
            <param index="0">
              <value>
                <![CDATA[user1]]>
              </value>
            </param>
            <param index="1">
              <value>
                <![CDATA[user1pass]]>
              </value>
            </param>
          </params>
          <reporter-output>
          </reporter-output>
        </test-method> <!-- ValidLogin -->
        <test-method is-config="true" signature="logoutMethod()[pri:0, instance:com.example.demo.tdd.LoginUITest@512baff6]" started-at="2020-03-31T06:57:21Z" name="logoutMethod" finished-at="2020-03-31T06:57:21Z" duration-ms="131" status="PASS">
          <reporter-output>
          </reporter-output>
        </test-method> <!-- logoutMethod -->
        <test-method signature="ValidLogin(java.lang.String, java.lang.String)[pri:0, instance:com.example.demo.tdd.LoginUITest@512baff6]" started-at="2020-03-31T06:57:21Z" name="ValidLogin" data-provider="user_credentials" finished-at="2020-03-31T06:57:21Z" duration-ms="464" status="PASS">
          <params>
            <param index="0">
              <value>
                <![CDATA[user2]]>
              </value>
            </param>
            <param index="1">
              <value>
                <![CDATA[user2pass]]>
              </value>
            </param>
          </params>
          <reporter-output>
          </reporter-output>
        </test-method> <!-- ValidLogin -->
        <test-method is-config="true" signature="logoutMethod()[pri:0, instance:com.example.demo.tdd.LoginUITest@512baff6]" started-at="2020-03-31T06:57:21Z" name="logoutMethod" finished-at="2020-03-31T06:57:21Z" duration-ms="128" status="PASS">
          <reporter-output>
          </reporter-output>
        </test-method> <!-- logoutMethod -->
        <test-method is-config="true" signature="terminateBrowser()[pri:0, instance:com.example.demo.tdd.LoginUITest@512baff6]" started-at="2020-03-31T06:57:21Z" name="terminateBrowser" finished-at="2020-03-31T06:57:21Z" duration-ms="85" status="PASS">
          <reporter-output>
          </reporter-output>
        </test-method> <!-- terminateBrowser -->
      </class> <!-- com.example.demo.tdd.LoginUITest -->
    </test> <!-- headless-browser-test -->
    <test started-at="2020-03-31T06:57:12Z" name="chrome-test" finished-at="2020-03-31T06:57:29Z" duration-ms="17825">
      <class name="com.example.demo.tdd.LoginUITest">
        <test-method is-config="true" signature="launchBrowser(java.lang.String)[pri:0, instance:com.example.demo.tdd.LoginUITest@62010f5c]" started-at="2020-03-31T06:57:12Z" name="launchBrowser" finished-at="2020-03-31T06:57:24Z" duration-ms="12693" status="PASS">
          <params>
            <param index="0">
              <value>
                <![CDATA[chrome]]>
              </value>
            </param>
          </params>
          <reporter-output>
          </reporter-output>
        </test-method> <!-- launchBrowser -->
        <test-method signature="ValidLogin(java.lang.String, java.lang.String)[pri:0, instance:com.example.demo.tdd.LoginUITest@62010f5c]" started-at="2020-03-31T06:57:24Z" name="ValidLogin" data-provider="user_credentials" finished-at="2020-03-31T06:57:26Z" duration-ms="1779" status="PASS">
          <params>
            <param index="0">
              <value>
                <![CDATA[user1]]>
              </value>
            </param>
            <param index="1">
              <value>
                <![CDATA[user1pass]]>
              </value>
            </param>
          </params>
          <reporter-output>
          </reporter-output>
        </test-method> <!-- ValidLogin -->
        <test-method is-config="true" signature="logoutMethod()[pri:0, instance:com.example.demo.tdd.LoginUITest@62010f5c]" started-at="2020-03-31T06:57:26Z" name="logoutMethod" finished-at="2020-03-31T06:57:27Z" duration-ms="605" status="PASS">
          <reporter-output>
          </reporter-output>
        </test-method> <!-- logoutMethod -->
        <test-method signature="ValidLogin(java.lang.String, java.lang.String)[pri:0, instance:com.example.demo.tdd.LoginUITest@62010f5c]" started-at="2020-03-31T06:57:27Z" name="ValidLogin" data-provider="user_credentials" finished-at="2020-03-31T06:57:29Z" duration-ms="1696" status="PASS">
          <params>
            <param index="0">
              <value>
                <![CDATA[user2]]>
              </value>
            </param>
            <param index="1">
              <value>
                <![CDATA[user2pass]]>
              </value>
            </param>
          </params>
          <reporter-output>
          </reporter-output>
        </test-method> <!-- ValidLogin -->
        <test-method is-config="true" signature="logoutMethod()[pri:0, instance:com.example.demo.tdd.LoginUITest@62010f5c]" started-at="2020-03-31T06:57:29Z" name="logoutMethod" finished-at="2020-03-31T06:57:29Z" duration-ms="312" status="PASS">
          <reporter-output>
          </reporter-output>
        </test-method> <!-- logoutMethod -->
        <test-method is-config="true" signature="terminateBrowser()[pri:0, instance:com.example.demo.tdd.LoginUITest@62010f5c]" started-at="2020-03-31T06:57:29Z" name="terminateBrowser" finished-at="2020-03-31T06:57:29Z" duration-ms="603" status="PASS">
          <reporter-output>
          </reporter-output>
        </test-method> <!-- terminateBrowser -->
      </class> <!-- com.example.demo.tdd.LoginUITest -->
    </test> <!-- chrome-test -->
    <test started-at="2020-03-31T06:57:12Z" name="firefox-test" finished-at="2020-03-31T06:57:44Z" duration-ms="32371">
      <class name="com.example.demo.tdd.LoginUITest">
        <test-method is-config="true" signature="launchBrowser(java.lang.String)[pri:0, instance:com.example.demo.tdd.LoginUITest@21337f7b]" started-at="2020-03-31T06:57:12Z" name="launchBrowser" finished-at="2020-03-31T06:57:39Z" duration-ms="26956" status="PASS">
          <params>
            <param index="0">
              <value>
                <![CDATA[firefox]]>
              </value>
            </param>
          </params>
          <reporter-output>
          </reporter-output>
        </test-method> <!-- launchBrowser -->
        <test-method signature="ValidLogin(java.lang.String, java.lang.String)[pri:0, instance:com.example.demo.tdd.LoginUITest@21337f7b]" started-at="2020-03-31T06:57:39Z" name="ValidLogin" data-provider="user_credentials" finished-at="2020-03-31T06:57:39Z" duration-ms="558" status="PASS">
          <params>
            <param index="0">
              <value>
                <![CDATA[user1]]>
              </value>
            </param>
            <param index="1">
              <value>
                <![CDATA[user1pass]]>
              </value>
            </param>
          </params>
          <reporter-output>
          </reporter-output>
        </test-method> <!-- ValidLogin -->
        <test-method is-config="true" signature="logoutMethod()[pri:0, instance:com.example.demo.tdd.LoginUITest@21337f7b]" started-at="2020-03-31T06:57:39Z" name="logoutMethod" finished-at="2020-03-31T06:57:39Z" duration-ms="215" status="PASS">
          <reporter-output>
          </reporter-output>
        </test-method> <!-- logoutMethod -->
        <test-method signature="ValidLogin(java.lang.String, java.lang.String)[pri:0, instance:com.example.demo.tdd.LoginUITest@21337f7b]" started-at="2020-03-31T06:57:39Z" name="ValidLogin" data-provider="user_credentials" finished-at="2020-03-31T06:57:40Z" duration-ms="441" status="PASS">
          <params>
            <param index="0">
              <value>
                <![CDATA[user2]]>
              </value>
            </param>
            <param index="1">
              <value>
                <![CDATA[user2pass]]>
              </value>
            </param>
          </params>
          <reporter-output>
          </reporter-output>
        </test-method> <!-- ValidLogin -->
        <test-method is-config="true" signature="logoutMethod()[pri:0, instance:com.example.demo.tdd.LoginUITest@21337f7b]" started-at="2020-03-31T06:57:40Z" name="logoutMethod" finished-at="2020-03-31T06:57:40Z" duration-ms="197" status="PASS">
          <reporter-output>
          </reporter-output>
        </test-method> <!-- logoutMethod -->
        <test-method is-config="true" signature="terminateBrowser()[pri:0, instance:com.example.demo.tdd.LoginUITest@21337f7b]" started-at="2020-03-31T06:57:40Z" name="terminateBrowser" finished-at="2020-03-31T06:57:44Z" duration-ms="3875" status="PASS">
          <reporter-output>
          </reporter-output>
        </test-method> <!-- terminateBrowser -->
      </class> <!-- com.example.demo.tdd.LoginUITest -->
    </test> <!-- firefox-test -->
  </suite> <!-- Suite -->
</testng-results>
