<?xml version="1.0" encoding="UTF-8"?>
<!-- Generated by org.testng.reporters.JUnitXMLReporter -->
<testsuite ignored="1" hostname="Kishore-PC" failures="0" tests="2" name="Default test" time="20.334" errors="0" timestamp="28 Mar 2020 07:05:26 GMT">
  <testcase classname="com.example.demo.tdd.LoginUITest" name="ValidLogin" time="1.244"/>
  <testcase classname="com.example.demo.tdd.LoginUITest" name="ValidLogin" time="1.342"/>
  <testcase classname="com.example.demo.tdd.LoginUITest" name="TxnMoney" time="0.0">
    <ignored/>
  </testcase> <!-- TxnMoney -->
</testsuite> <!-- Default test -->
